============================= test session starts =============================
platform win32 -- Python 3.10.11, pytest-8.4.2, pluggy-1.6.0 -- C:\_coding\subject-frame-extractor2\venv\Scripts\python.exe
cachedir: .pytest_cache
rootdir: C:\_coding\subject-frame-extractor2
configfile: setup.cfg
plugins: anyio-4.11.0, hydra-core-1.3.2
collecting ... collected 2 items

tests/test_gpu_e2e.py::TestMaskPropagatorE2E::test_mask_propagator_propagate PASSED [ 50%]
tests/test_gpu_e2e.py::TestMaskPropagatorE2E::test_mask_propagator_bidirectional PASSED [100%]

============================== warnings summary ===============================
venv\lib\site-packages\torch\backends\__init__.py:46
  C:\_coding\subject-frame-extractor2\venv\lib\site-packages\torch\backends\__init__.py:46: UserWarning: Please use the new API settings to control TF32 behavior, such as torch.backends.cudnn.conv.fp32_precision = 'tf32' or torch.backends.cuda.matmul.fp32_precision = 'ieee'. Old settings, e.g, torch.backends.cuda.matmul.allow_tf32 = True, torch.backends.cudnn.allow_tf32 = True, allowTF32CuDNN() and allowTF32CuBLAS() will be deprecated after Pytorch 2.9. Please see https://pytorch.org/docs/main/notes/cuda.html#tensorfloat-32-tf32-on-ampere-and-later-devices (Triggered internally at C:\actions-runner\_work\pytorch\pytorch\pytorch\aten\src\ATen\Context.cpp:85.)
    self.setter(val)

-- Docs: https://docs.pytest.org/en/stable/how-to/capture-warnings.html
======================== 2 passed, 1 warning in 22.64s ========================
